#
# There is insufficient memory for the Java Runtime Environment to continue.
# Native memory allocation (malloc) failed to allocate 1048576 bytes for AllocateHeap
# Possible reasons:
#   The system is out of physical RAM or swap space
#   The process is running with CompressedOops enabled, and the Java Heap may be blocking the growth of the native heap
# Possible solutions:
#   Reduce memory load on the system
#   Increase physical memory or swap space
#   Check if swap backing store is full
#   Decrease Java heap size (-Xmx/-Xms)
#   Decrease number of Java threads
#   Decrease Java thread stack sizes (-Xss)
#   Set larger code cache with -XX:ReservedCodeCacheSize=
#   JVM is running with Unscaled Compressed Oops mode in which the Java heap is
#     placed in the first 4GB address space. The Java Heap base address is the
#     maximum limit for the native heap growth. Please use -XX:HeapBaseMinAddress
#     to set the Java Heap base and to place the Java Heap above 4GB virtual address.
# This output file may be truncated or incomplete.
#
#  Out of Memory Error (memory/allocation.inline.hpp:61), pid=716, tid=0x0000000000001f80
#
# JRE version:  (8.0_381) (build )
# Java VM: Java HotSpot(TM) 64-Bit Server VM (25.381-b09 mixed mode windows-amd64 compressed oops)
# Failed to write core dump. Minidumps are not enabled by default on client versions of Windows
#

---------------  T H R E A D  ---------------

Current thread (0x0000017f2b22a000):  JavaThread "Unknown thread" [_thread_in_vm, id=8064, stack(0x0000007939400000,0x0000007939500000)]

Stack: [0x0000007939400000,0x0000007939500000]
Native frames: (J=compiled Java code, j=interpreted, Vv=VM code, C=native code)
V  [jvm.dll+0x353039]
V  [jvm.dll+0x290052]
V  [jvm.dll+0x290c1d]
V  [jvm.dll+0x285255]
V  [jvm.dll+0x502d]
V  [jvm.dll+0x3f0b9c]
V  [jvm.dll+0x3ecd67]
V  [jvm.dll+0x1058ff]
V  [jvm.dll+0x21b25b]
V  [jvm.dll+0x24c09a]
V  [jvm.dll+0x16d436]
C  [javaw.exe+0x2422]
C  [javaw.exe+0x16be0]
C  [KERNEL32.DLL+0x1257d]
C  [ntdll.dll+0x5aa48]


---------------  P R O C E S S  ---------------

Java Threads: ( => current thread )

Other Threads:

=>0x0000017f2b22a000 (exited) JavaThread "Unknown thread" [_thread_in_vm, id=8064, stack(0x0000007939400000,0x0000007939500000)]

VM state:not at safepoint (normal execution)

VM Mutex/Monitor currently owned by a thread: None

heap address: 0x0000000085200000, size: 1966 MB, Compressed Oops mode: 32-bit
Narrow klass base: 0x0000000000000000, Narrow klass shift: 3
Compressed class space size: 1073741824 Address: 0x0000000100000000

Heap:
 PSYoungGen      total 36864K, used 634K [0x00000000d7100000, 0x00000000d9a00000, 0x0000000100000000)
  eden space 31744K, 2% used [0x00000000d7100000,0x00000000d719eb90,0x00000000d9000000)
  from space 5120K, 0% used [0x00000000d9500000,0x00000000d9500000,0x00000000d9a00000)
  to   space 5120K, 0% used [0x00000000d9000000,0x00000000d9000000,0x00000000d9500000)
 ParOldGen       total 84992K, used 0K [0x0000000085200000, 0x000000008a500000, 0x00000000d7100000)
  object space 84992K, 0% used [0x0000000085200000,0x0000000085200000,0x000000008a500000)
 Metaspace       used 775K, capacity 4480K, committed 4480K, reserved 1056768K
  class space    used 76K, capacity 384K, committed 384K, reserved 1048576K

Card table byte_map: [0x0000017f3c000000,0x0000017f3c3e0000] byte_map_base: 0x0000017f3bbd7000

Marking Bits: (ParMarkBitMap*) 0x00007ffd98686040
 Begin Bits: [0x0000017f3c670000, 0x0000017f3e528000)
 End Bits:   [0x0000017f3e528000, 0x0000017f403e0000)

Polling page: 0x0000017f2b3d0000

CodeCache: size=245760Kb used=329Kb max_used=329Kb free=245430Kb
 bounds [0x0000017f2cc40000, 0x0000017f2ceb0000, 0x0000017f3bc40000]
 total_blobs=58 nmethods=0 adapters=38
 compilation: enabled

Compilation events (0 events):
No events

GC Heap History (0 events):
No events

Deoptimization events (0 events):
No events

Classes redefined (0 events):
No events

Internal exceptions (0 events):
No events

Events (10 events):
Event: 0.027 loading class java/lang/Short
Event: 0.027 loading class java/lang/Short done
Event: 0.027 loading class java/lang/Integer
Event: 0.027 loading class java/lang/Integer done
Event: 0.027 loading class java/lang/Long
Event: 0.027 loading class java/lang/Long done
Event: 0.028 loading class java/lang/NullPointerException
Event: 0.028 loading class java/lang/NullPointerException done
Event: 0.028 loading class java/lang/ArithmeticException
Event: 0.028 loading class java/lang/ArithmeticException done


Dynamic libraries:
0x00007ff7ca1b0000 - 0x00007ff7ca1fa000 	C:\Program Files\Java\jdk-1.8\bin\javaw.exe
0x00007ffdffa50000 - 0x00007ffdffc66000 	C:\WINDOWS\SYSTEM32\ntdll.dll
0x00007ffdfe680000 - 0x00007ffdfe744000 	C:\WINDOWS\System32\KERNEL32.DLL
0x00007ffdfd3d0000 - 0x00007ffdfd777000 	C:\WINDOWS\System32\KERNELBASE.dll
0x00007ffdfd830000 - 0x00007ffdfd8e2000 	C:\WINDOWS\System32\ADVAPI32.dll
0x00007ffdfd780000 - 0x00007ffdfd827000 	C:\WINDOWS\System32\msvcrt.dll
0x00007ffdff960000 - 0x00007ffdffa08000 	C:\WINDOWS\System32\sechost.dll
0x00007ffdfcdf0000 - 0x00007ffdfce18000 	C:\WINDOWS\System32\bcrypt.dll
0x00007ffdfee90000 - 0x00007ffdfefa5000 	C:\WINDOWS\System32\RPCRT4.dll
0x00007ffdfe350000 - 0x00007ffdfe4fe000 	C:\WINDOWS\System32\USER32.dll
0x00007ffdfcee0000 - 0x00007ffdfcf06000 	C:\WINDOWS\System32\win32u.dll
0x00007ffdfe2b0000 - 0x00007ffdfe2d9000 	C:\WINDOWS\System32\GDI32.dll
0x00007ffdfd020000 - 0x00007ffdfd139000 	C:\WINDOWS\System32\gdi32full.dll
0x00007ffdfcf10000 - 0x00007ffdfcfaa000 	C:\WINDOWS\System32\msvcp_win.dll
0x00007ffdfd140000 - 0x00007ffdfd251000 	C:\WINDOWS\System32\ucrtbase.dll
0x00007ffdd9e70000 - 0x00007ffdda103000 	C:\WINDOWS\WinSxS\amd64_microsoft.windows.common-controls_6595b64144ccf1df_6.0.22621.3235_none_270f74e173860f98\COMCTL32.dll
0x00007ffdfe1c0000 - 0x00007ffdfe1f1000 	C:\WINDOWS\System32\IMM32.DLL
0x00007ffdd4e30000 - 0x00007ffdd4e4b000 	C:\Program Files\Java\jdk-1.8\jre\bin\vcruntime140.dll
0x00007ffdf4080000 - 0x00007ffdf408c000 	C:\Program Files\Java\jdk-1.8\jre\bin\vcruntime140_1.dll
0x00007ffdd4da0000 - 0x00007ffdd4e2e000 	C:\Program Files\Java\jdk-1.8\jre\bin\msvcp140.dll
0x00007ffd97e50000 - 0x00007ffd98700000 	C:\Program Files\Java\jdk-1.8\jre\bin\server\jvm.dll
0x00007ffdff850000 - 0x00007ffdff858000 	C:\WINDOWS\System32\PSAPI.DLL
0x00007ffdf41a0000 - 0x00007ffdf41a9000 	C:\WINDOWS\SYSTEM32\WSOCK32.dll
0x00007ffdf41c0000 - 0x00007ffdf41ca000 	C:\WINDOWS\SYSTEM32\VERSION.dll
0x00007ffdff7c0000 - 0x00007ffdff831000 	C:\WINDOWS\System32\WS2_32.dll
0x00007ffdf3df0000 - 0x00007ffdf3e24000 	C:\WINDOWS\SYSTEM32\WINMM.dll
0x00007ffdfbdb0000 - 0x00007ffdfbdc8000 	C:\WINDOWS\SYSTEM32\kernel.appcore.dll
0x00007ffdf38e0000 - 0x00007ffdf38f0000 	C:\Program Files\Java\jdk-1.8\jre\bin\verify.dll
0x00007ffdd4d70000 - 0x00007ffdd4d9b000 	C:\Program Files\Java\jdk-1.8\jre\bin\java.dll
0x00007ffdd4d50000 - 0x00007ffdd4d68000 	C:\Program Files\Java\jdk-1.8\jre\bin\zip.dll
0x00007ffdfa6a0000 - 0x00007ffdfa8d3000 	C:\WINDOWS\SYSTEM32\dbghelp.dll
0x00007ffdff240000 - 0x00007ffdff5c8000 	C:\WINDOWS\System32\combase.dll
0x00007ffdff160000 - 0x00007ffdff237000 	C:\WINDOWS\System32\OLEAUT32.dll
0x00007ffdfcd70000 - 0x00007ffdfcde9000 	C:\WINDOWS\System32\bcryptPrimitives.dll

VM Arguments:
jvm_args: -Dfile.encoding=Cp1252 
java_command: logico.Main
java_class_path (initial): C:\Users\Daniel Almonte\Documents\WorkSpace\ProyFinalEstructura\bin
Launcher Type: SUN_STANDARD

Environment Variables:
PATH=C:/Program Files/Java/jre-1.8/bin/server;C:/Program Files/Java/jre-1.8/bin;C:/Program Files/Java/jre-1.8/lib/amd64;C:\Program Files (x86)\Common Files\Oracle\Java\javapath;C:\WINDOWS\system32;C:\WINDOWS;C:\WINDOWS\System32\Wbem;C:\WINDOWS\System32\WindowsPowerShell\v1.0\;C:\WINDOWS\System32\OpenSSH\;C:\Program Files\HP\HP One Agent;C:\Users\Daniel Almonte\AppData\Local\Microsoft\WindowsApps;;C:\WINDOWS\System32;
USERNAME=Daniel Almonte
OS=Windows_NT
PROCESSOR_IDENTIFIER=Intel64 Family 6 Model 140 Stepping 1, GenuineIntel



---------------  S Y S T E M  ---------------

OS: Windows 11 , 64 bit Build 22621 (10.0.22621.3374)

CPU:total 8 (initial active 8) (4 cores per cpu, 2 threads per core) family 6 model 140 stepping 1, cmov, cx8, fxsr, mmx, sse, sse2, sse3, ssse3, sse4.1, sse4.2, popcnt, avx, avx2, aes, clmul, erms, 3dnowpref, lzcnt, ht, tsc, tscinvbit, bmi1, bmi2, adx

Memory: 4k page, physical 8047904k(1241724k free), swap 12143904k(5216k free)

vm_info: Java HotSpot(TM) 64-Bit Server VM (25.381-b09) for windows-amd64 JRE (1.8.0_381-b09), built on Jun 14 2023 13:50:38 by "java_re" with MS VC++ 17.1 (VS2022)

time: Mon Apr 22 03:00:32 2024
timezone: Hora estándar oeste, Sudamérica
elapsed time: 0.049474 seconds (0d 0h 0m 0s)

